<?xml version="1.0" encoding="UTF-8"?>
<!-- Generated by org.testng.reporters.JUnitXMLReporter -->
<testsuite ignored="4" hostname="DESKTOP-LGR4B9K" failures="0" tests="7" name="Regression" time="0.059" errors="0" timestamp="2023-09-23T19:23:32 PDT">
  <testcase classname="target.TestNGBasicsClass1" name="Demo" time="0.004"/>
  <testcase classname="target.TestNGBasicsClass1" name="Demo2" time="0.001"/>
  <testcase classname="target.Basics4" name="LoginAPIhomeLoan" time="0.001"/>
  <testcase classname="target.Basics4" name="MobileLoginhomeLoan" time="0.001"/>
  <testcase classname="target.Basics3" name="MobileSignincarLoan" time="0.001"/>
  <testcase classname="target.Basics3" name="Weblogin" time="0.001"/>
  <testcase classname="target.Basics3" name="LoginAPIcarLoan" time="0.001"/>
  <testcase classname="target.Basics3" name="MobileSignoutcarLoan" time="0.0">
    <ignored/>
  </testcase> <!-- MobileSignoutcarLoan -->
  <testcase classname="target.Basics2" name="personalLoan" time="0.0">
    <ignored/>
  </testcase> <!-- personalLoan -->
  <testcase classname="target.Basics4" name="WebloginhomeLoan" time="0.0">
    <ignored/>
  </testcase> <!-- WebloginhomeLoan -->
  <testcase classname="target.Basics3" name="MobileLogincarLoan" time="0.0">
    <ignored/>
  </testcase> <!-- MobileLogincarLoan -->
</testsuite> <!-- Regression -->
