<?xml version="1.0" encoding="UTF-8"?>
<!-- Generated by org.testng.reporters.JUnitXMLReporter -->
<testsuite ignored="0" hostname="DESKTOP-LGR4B9K" failures="0" tests="6" name="Test" time="0.084" errors="0" timestamp="2023-09-22T14:59:09 PDT">
  <testcase classname="target.TestNGBasicsClass1" name="Demo" time="0.009"/>
  <testcase classname="target.TestNGBasicsClass1" name="Demo2" time="0.001"/>
  <testcase classname="target.Basics2" name="personalLoan" time="0.002"/>
  <testcase classname="target.Basics4" name="LoginAPIhomeLoan" time="0.002"/>
  <testcase classname="target.Basics4" name="MobileLoginhomeLoan" time="0.001"/>
  <testcase classname="target.Basics4" name="WebloginhomeLoan" time="0.001"/>
</testsuite> <!-- Test -->
