<?xml version="1.0" encoding="UTF-8"?>
<!-- Generated by org.testng.reporters.JUnitXMLReporter -->
<testsuite ignored="1" hostname="DESKTOP-LGR4B9K" failures="0" tests="6" name="Car Loan" time="0.08" errors="0" timestamp="2023-09-24T12:52:47 PDT">
  <testcase classname="target.Basics3" name="MobileSignincarLoan" time="0.01"/>
  <testcase classname="target.Basics3" name="MobileSignoutcarLoan" time="0.002"/>
  <testcase classname="target.Basics3" name="Weblogin" time="0.003"/>
  <testcase classname="target.Basics3" name="Weblogin" time="0.002"/>
  <testcase classname="target.Basics3" name="Weblogin" time="0.002"/>
  <testcase classname="target.Basics3" name="LoginAPIcarLoan" time="0.001"/>
  <testcase classname="target.Basics3" name="MobileLogincarLoan" time="0.0">
    <ignored/>
  </testcase> <!-- MobileLogincarLoan -->
</testsuite> <!-- Car Loan -->
