<?xml version="1.0" encoding="UTF-8"?>
<testng-results ignored="0" total="11" passed="10" failed="1" skipped="0">
  <reporter-output>
  </reporter-output>
  <suite started-at="2023-09-24T12:52:47 PDT" name="Loan Department" finished-at="2023-09-24T12:52:47 PDT" duration-ms="80">
    <groups>
      <group name="Smoke">
        <method signature="Basics2.personalLoan()[pri:0, instance:target.Basics2@35dab4eb]" name="personalLoan" class="target.Basics2"/>
        <method signature="Basics4.WebloginhomeLoan()[pri:0, instance:target.Basics4@2d901eb0]" name="WebloginhomeLoan" class="target.Basics4"/>
        <method signature="Basics3.MobileSignoutcarLoan()[pri:0, instance:target.Basics3@71075444]" name="MobileSignoutcarLoan" class="target.Basics3"/>
      </group> <!-- Smoke -->
    </groups>
    <test started-at="2023-09-24T12:52:47 PDT" name="PersonalLoan" finished-at="2023-09-24T12:52:47 PDT" duration-ms="76">
      <class name="target.TestNGBasicsClass1">
        <test-method signature="Demo2()[pri:0, instance:target.TestNGBasicsClass1@6892b3b6]" started-at="2023-09-24T12:52:47 PDT" name="Demo2" finished-at="2023-09-24T12:52:47 PDT" duration-ms="33" status="FAIL">
          <exception class="java.lang.AssertionError">
            <message>
              <![CDATA[expected [true] but found [false]]]>
            </message>
            <full-stacktrace>
              <![CDATA[java.lang.AssertionError: expected [true] but found [false]
at org.testng.Assert.fail(Assert.java:111)
at org.testng.Assert.failNotEquals(Assert.java:1578)
at org.testng.Assert.assertTrue(Assert.java:57)
at org.testng.Assert.assertTrue(Assert.java:67)
at target.TestNGBasicsClass1.Demo2(TestNGBasicsClass1.java:24)
at java.base/jdk.internal.reflect.NativeMethodAccessorImpl.invoke0(Native Method)
at java.base/jdk.internal.reflect.NativeMethodAccessorImpl.invoke(NativeMethodAccessorImpl.java:77)
at java.base/jdk.internal.reflect.DelegatingMethodAccessorImpl.invoke(DelegatingMethodAccessorImpl.java:43)
at java.base/java.lang.reflect.Method.invoke(Method.java:568)
at org.testng.internal.invokers.MethodInvocationHelper.invokeMethod(MethodInvocationHelper.java:139)
at org.testng.internal.invokers.TestInvoker.invokeMethod(TestInvoker.java:664)
at org.testng.internal.invokers.TestInvoker.invokeTestMethod(TestInvoker.java:227)
at org.testng.internal.invokers.MethodRunner.runInSequence(MethodRunner.java:50)
at org.testng.internal.invokers.TestInvoker$MethodInvocationAgent.invoke(TestInvoker.java:957)
at org.testng.internal.invokers.TestInvoker.invokeTestMethods(TestInvoker.java:200)
at org.testng.internal.invokers.TestMethodWorker.invokeTestMethods(TestMethodWorker.java:148)
at org.testng.internal.invokers.TestMethodWorker.run(TestMethodWorker.java:128)
at java.base/java.util.concurrent.ThreadPoolExecutor.runWorker(ThreadPoolExecutor.java:1136)
at java.base/java.util.concurrent.ThreadPoolExecutor$Worker.run(ThreadPoolExecutor.java:635)
at java.base/java.lang.Thread.run(Thread.java:833)
]]>
            </full-stacktrace>
          </exception> <!-- java.lang.AssertionError -->
          <reporter-output>
          </reporter-output>
        </test-method> <!-- Demo2 -->
      </class> <!-- target.TestNGBasicsClass1 -->
      <class name="target.Basics2">
        <test-method is-config="true" signature="prerequisite()[pri:0, instance:target.Basics2@35dab4eb]" started-at="2023-09-24T12:52:47 PDT" name="prerequisite" finished-at="2023-09-24T12:52:47 PDT" duration-ms="0" status="PASS">
          <reporter-output>
          </reporter-output>
        </test-method> <!-- prerequisite -->
        <test-method signature="personalLoan()[pri:0, instance:target.Basics2@35dab4eb]" started-at="2023-09-24T12:52:47 PDT" name="personalLoan" finished-at="2023-09-24T12:52:47 PDT" duration-ms="8" status="PASS">
          <reporter-output>
          </reporter-output>
        </test-method> <!-- personalLoan -->
        <test-method is-config="true" signature="lastExecution()[pri:0, instance:target.Basics2@35dab4eb]" started-at="2023-09-24T12:52:47 PDT" name="lastExecution" finished-at="2023-09-24T12:52:47 PDT" duration-ms="0" status="PASS">
          <reporter-output>
          </reporter-output>
        </test-method> <!-- lastExecution -->
      </class> <!-- target.Basics2 -->
      <class name="target.Basics4">
        <test-method is-config="true" signature="bfClass()[pri:0, instance:target.Basics4@2d901eb0]" started-at="2023-09-24T12:52:47 PDT" name="bfClass" finished-at="2023-09-24T12:52:47 PDT" duration-ms="1" status="PASS">
          <reporter-output>
          </reporter-output>
        </test-method> <!-- bfClass -->
        <test-method is-config="true" signature="bfMethod()[pri:0, instance:target.Basics4@2d901eb0]" started-at="2023-09-24T12:52:47 PDT" name="bfMethod" finished-at="2023-09-24T12:52:47 PDT" duration-ms="1" status="PASS">
          <reporter-output>
          </reporter-output>
        </test-method> <!-- bfMethod -->
        <test-method signature="LoginAPIhomeLoan()[pri:0, instance:target.Basics4@2d901eb0]" started-at="2023-09-24T12:52:47 PDT" name="LoginAPIhomeLoan" finished-at="2023-09-24T12:52:47 PDT" duration-ms="6" status="PASS">
          <reporter-output>
          </reporter-output>
        </test-method> <!-- LoginAPIhomeLoan -->
        <test-method is-config="true" signature="afMethod()[pri:0, instance:target.Basics4@2d901eb0]" started-at="2023-09-24T12:52:47 PDT" name="afMethod" finished-at="2023-09-24T12:52:47 PDT" duration-ms="0" status="PASS">
          <reporter-output>
          </reporter-output>
        </test-method> <!-- afMethod -->
        <test-method signature="MobileLoginhomeLoan()[pri:0, instance:target.Basics4@2d901eb0]" started-at="2023-09-24T12:52:47 PDT" name="MobileLoginhomeLoan" finished-at="2023-09-24T12:52:47 PDT" duration-ms="2" status="PASS">
          <reporter-output>
          </reporter-output>
        </test-method> <!-- MobileLoginhomeLoan -->
        <test-method is-config="true" signature="bfMethod()[pri:0, instance:target.Basics4@2d901eb0]" started-at="2023-09-24T12:52:47 PDT" name="bfMethod" finished-at="2023-09-24T12:52:47 PDT" duration-ms="0" status="PASS">
          <reporter-output>
          </reporter-output>
        </test-method> <!-- bfMethod -->
        <test-method is-config="true" signature="afMethod()[pri:0, instance:target.Basics4@2d901eb0]" started-at="2023-09-24T12:52:47 PDT" name="afMethod" finished-at="2023-09-24T12:52:47 PDT" duration-ms="1" status="PASS">
          <reporter-output>
          </reporter-output>
        </test-method> <!-- afMethod -->
        <test-method is-config="true" signature="bfMethod()[pri:0, instance:target.Basics4@2d901eb0]" started-at="2023-09-24T12:52:47 PDT" name="bfMethod" finished-at="2023-09-24T12:52:47 PDT" duration-ms="0" status="PASS">
          <reporter-output>
          </reporter-output>
        </test-method> <!-- bfMethod -->
        <test-method signature="WebloginhomeLoan()[pri:0, instance:target.Basics4@2d901eb0]" started-at="2023-09-24T12:52:47 PDT" name="WebloginhomeLoan" finished-at="2023-09-24T12:52:47 PDT" duration-ms="1" status="PASS">
          <reporter-output>
          </reporter-output>
        </test-method> <!-- WebloginhomeLoan -->
        <test-method is-config="true" signature="afMethod()[pri:0, instance:target.Basics4@2d901eb0]" started-at="2023-09-24T12:52:47 PDT" name="afMethod" finished-at="2023-09-24T12:52:47 PDT" duration-ms="1" status="PASS">
          <reporter-output>
          </reporter-output>
        </test-method> <!-- afMethod -->
        <test-method is-config="true" signature="afClass()[pri:0, instance:target.Basics4@2d901eb0]" started-at="2023-09-24T12:52:47 PDT" name="afClass" finished-at="2023-09-24T12:52:47 PDT" duration-ms="0" status="PASS">
          <reporter-output>
          </reporter-output>
        </test-method> <!-- afClass -->
      </class> <!-- target.Basics4 -->
    </test> <!-- PersonalLoan -->
    <test started-at="2023-09-24T12:52:47 PDT" name="Car Loan" finished-at="2023-09-24T12:52:47 PDT" duration-ms="80">
      <class name="target.Basics3">
        <test-method signature="MobileSignincarLoan()[pri:0, instance:target.Basics3@71075444]" started-at="2023-09-24T12:52:47 PDT" name="MobileSignincarLoan" finished-at="2023-09-24T12:52:47 PDT" duration-ms="10" status="PASS">
          <reporter-output>
          </reporter-output>
        </test-method> <!-- MobileSignincarLoan -->
        <test-method signature="MobileSignoutcarLoan()[pri:0, instance:target.Basics3@71075444]" started-at="2023-09-24T12:52:47 PDT" name="MobileSignoutcarLoan" finished-at="2023-09-24T12:52:47 PDT" duration-ms="2" status="PASS">
          <reporter-output>
          </reporter-output>
        </test-method> <!-- MobileSignoutcarLoan -->
        <test-method signature="Weblogin(java.lang.String,java.lang.String)[pri:0, instance:target.Basics3@71075444]" started-at="2023-09-24T12:52:47 PDT" name="Weblogin" data-provider="getData" finished-at="2023-09-24T12:52:47 PDT" duration-ms="3" status="PASS">
          <params>
            <param index="0">
              <value>
                <![CDATA[firstSetUsername]]>
              </value>
            </param>
            <param index="1">
              <value>
                <![CDATA[test@123]]>
              </value>
            </param>
          </params>
          <reporter-output>
          </reporter-output>
        </test-method> <!-- Weblogin -->
        <test-method signature="Weblogin(java.lang.String,java.lang.String)[pri:0, instance:target.Basics3@71075444]" started-at="2023-09-24T12:52:47 PDT" name="Weblogin" data-provider="getData" finished-at="2023-09-24T12:52:47 PDT" duration-ms="2" status="PASS">
          <params>
            <param index="0">
              <value>
                <![CDATA[secondSetUsername]]>
              </value>
            </param>
            <param index="1">
              <value>
                <![CDATA[test@1234]]>
              </value>
            </param>
          </params>
          <reporter-output>
          </reporter-output>
        </test-method> <!-- Weblogin -->
        <test-method signature="Weblogin(java.lang.String,java.lang.String)[pri:0, instance:target.Basics3@71075444]" started-at="2023-09-24T12:52:47 PDT" name="Weblogin" data-provider="getData" finished-at="2023-09-24T12:52:47 PDT" duration-ms="2" status="PASS">
          <params>
            <param index="0">
              <value>
                <![CDATA[thirdSetUsername]]>
              </value>
            </param>
            <param index="1">
              <value>
                <![CDATA[test@12345]]>
              </value>
            </param>
          </params>
          <reporter-output>
          </reporter-output>
        </test-method> <!-- Weblogin -->
        <test-method signature="LoginAPIcarLoan(java.lang.String)[pri:0, instance:target.Basics3@71075444]" started-at="2023-09-24T12:52:47 PDT" name="LoginAPIcarLoan" finished-at="2023-09-24T12:52:47 PDT" depends-on-methods="target.Basics3.MobileSignincarLoan, target.Basics3.Weblogin" duration-ms="1" status="PASS">
          <params>
            <param index="0">
              <value>
                <![CDATA[https://carloan.com/]]>
              </value>
            </param>
          </params>
          <reporter-output>
          </reporter-output>
        </test-method> <!-- LoginAPIcarLoan -->
        <test-method is-config="true" signature="afSuite()[pri:0, instance:target.Basics3@71075444]" started-at="2023-09-24T12:52:47 PDT" name="afSuite" finished-at="2023-09-24T12:52:47 PDT" duration-ms="0" status="PASS">
          <reporter-output>
          </reporter-output>
        </test-method> <!-- afSuite -->
      </class> <!-- target.Basics3 -->
      <class name="target.Basics2">
        <test-method is-config="true" signature="bfSuite()[pri:0, instance:target.Basics2@35dab4eb]" started-at="2023-09-24T12:52:47 PDT" name="bfSuite" finished-at="2023-09-24T12:52:47 PDT" duration-ms="11" status="PASS">
          <reporter-output>
          </reporter-output>
        </test-method> <!-- bfSuite -->
      </class> <!-- target.Basics2 -->
    </test> <!-- Car Loan -->
  </suite> <!-- Loan Department -->
</testng-results>
